\BOOKMARK [0][-]{chapter.1}{\376\377\004\022\004\101\004\077\004\076\004\074\004\076\004\063\004\060\004\102\004\065\004\073\004\114\004\075\004\113\004\065\000\040\004\104\004\103\004\075\004\072\004\106\004\070\004\070\000\040\004\070\000\040\004\061\004\070\004\061\004\073\004\070\004\076\004\102\004\065\004\072\004\070}{}% 1
\BOOKMARK [1][-]{section.1.1}{\376\377\004\027\004\060\004\064\004\060\004\075\004\070\004\065\000\040\0001}{chapter.1}% 2
\BOOKMARK [1][-]{section.1.2}{\376\377\004\027\004\060\004\064\004\060\004\075\004\070\004\065\000\040\0002}{chapter.1}% 3
\BOOKMARK [1][-]{section.1.3}{\376\377\004\027\004\060\004\064\004\060\004\075\004\070\004\065\000\040\0003}{chapter.1}% 4
\BOOKMARK [0][-]{chapter.2}{\376\377\004\027\004\060\004\064\004\060\004\075\004\070\004\065\000\040\0001\000.\000\040\004\022\004\065\004\111\004\065\004\101\004\102\004\062\004\065\004\075\004\075\004\076\004\065}{}% 5
\BOOKMARK [1][-]{section.2.1}{\376\377\004\037\004\100\004\117\004\074\004\076\004\103\004\063\004\076\004\073\004\114\004\075\004\060\004\117\000\040\004\104\004\103\004\075\004\072\004\106\004\070\004\117}{chapter.2}% 6
\BOOKMARK [2][-]{subsection.2.1.1}{\376\377\004\044\004\103\004\100\004\114\004\065\000-\004\036\004\061\004\100\004\060\004\067}{section.2.1}% 7
\BOOKMARK [2][-]{subsection.2.1.2}{\376\377\004\023\004\100\004\060\004\104\004\070\004\072\004\070\000\040\004\104\004\103\004\075\004\072\004\106\004\070\004\070\000\040\004\070\000\040\004\044\004\103\004\100\004\114\004\065\000-\004\076\004\061\004\100\004\060\004\067\004\060}{section.2.1}% 8
\BOOKMARK [2][-]{subsection.2.1.3}{\376\377\004\040\004\060\004\062\004\065\004\075\004\101\004\102\004\062\004\076\000\040\004\037\004\060\004\100\004\101\004\065\004\062\004\060\004\073\004\117}{section.2.1}% 9
\BOOKMARK [2][-]{subsection.2.1.4}{\376\377\004\020\004\075\004\060\004\073\004\070\004\067\000\040\004\101\004\070\004\102\004\103\004\060\004\106\004\070\004\070}{section.2.1}% 10
\BOOKMARK [1][-]{section.2.2}{\376\377\004\042\004\100\004\065\004\103\004\063\004\076\004\073\004\114\004\075\004\060\004\117\000\040\004\104\004\103\004\075\004\072\004\106\004\070\004\117}{chapter.2}% 11
\BOOKMARK [2][-]{subsection.2.2.1}{\376\377\004\044\004\103\004\100\004\114\004\065\000-\004\036\004\061\004\100\004\060\004\067}{section.2.2}% 12
\BOOKMARK [2][-]{subsection.2.2.2}{\376\377\004\023\004\100\004\060\004\104\004\070\004\072\004\070\000\040\004\104\004\103\004\075\004\072\004\106\004\070\004\070\000\040\004\070\000\040\004\044\004\103\004\100\004\114\004\065\000-\004\076\004\061\004\100\004\060\004\067\004\060}{section.2.2}% 13
\BOOKMARK [2][-]{subsection.2.2.3}{\376\377\004\040\004\060\004\062\004\065\004\075\004\101\004\102\004\062\004\076\000\040\004\037\004\060\004\100\004\101\004\065\004\062\004\060\004\073\004\117}{section.2.2}% 14
\BOOKMARK [2][-]{subsection.2.2.4}{\376\377\004\020\004\075\004\060\004\073\004\070\004\067\000\040\004\101\004\070\004\102\004\103\004\060\004\106\004\070\004\070}{section.2.2}% 15
\BOOKMARK [1][-]{section.2.3}{\376\377\004\032\004\060\004\100\004\064\004\070\004\075\004\060\004\073\004\114\004\075\004\113\004\071\000\040\004\101\004\070\004\075\004\103\004\101}{chapter.2}% 16
\BOOKMARK [2][-]{subsection.2.3.1}{\376\377\004\044\004\103\004\100\004\114\004\065\000-\004\036\004\061\004\100\004\060\004\067}{section.2.3}% 17
\BOOKMARK [2][-]{subsection.2.3.2}{\376\377\004\023\004\100\004\060\004\104\004\070\004\072\004\070\000\040\004\104\004\103\004\075\004\072\004\106\004\070\004\070\000\040\004\070\000\040\004\044\004\103\004\100\004\114\004\065\000-\004\076\004\061\004\100\004\060\004\067\004\060}{section.2.3}% 18
\BOOKMARK [2][-]{subsection.2.3.3}{\376\377\004\040\004\060\004\062\004\065\004\075\004\101\004\102\004\062\004\076\000\040\004\037\004\060\004\100\004\101\004\065\004\062\004\060\004\073\004\117}{section.2.3}% 19
\BOOKMARK [2][-]{subsection.2.3.4}{\376\377\004\020\004\075\004\060\004\073\004\070\004\067\000\040\004\101\004\070\004\102\004\103\004\060\004\106\004\070\004\070}{section.2.3}% 20
\BOOKMARK [1][-]{section.2.4}{\376\377\004\044\004\103\004\075\004\072\004\106\004\070\004\117\000\040\004\023\004\060\004\103\004\101\004\101\004\060}{chapter.2}% 21
\BOOKMARK [2][-]{subsection.2.4.1}{\376\377\004\044\004\103\004\100\004\114\004\065\000-\004\036\004\061\004\100\004\060\004\067}{section.2.4}% 22
\BOOKMARK [2][-]{subsection.2.4.2}{\376\377\004\023\004\100\004\060\004\104\004\070\004\072\004\070\000\040\004\104\004\103\004\075\004\072\004\106\004\070\004\070\000\040\004\070\000\040\004\044\004\103\004\100\004\114\004\065\000-\004\076\004\061\004\100\004\060\004\067\004\060}{section.2.4}% 23
\BOOKMARK [2][-]{subsection.2.4.3}{\376\377\004\040\004\060\004\062\004\065\004\075\004\101\004\102\004\062\004\076\000\040\004\037\004\060\004\100\004\101\004\065\004\062\004\060\004\073\004\117}{section.2.4}% 24
\BOOKMARK [2][-]{subsection.2.4.4}{\376\377\004\020\004\075\004\060\004\073\004\070\004\067\000\040\004\101\004\070\004\102\004\103\004\060\004\106\004\070\004\070}{section.2.4}% 25
\BOOKMARK [1][-]{section.2.5}{\376\377\004\024\004\062\004\103\004\101\004\102\004\076\004\100\004\076\004\075\004\075\004\065\004\065\000\040\004\067\004\060\004\102\004\103\004\105\004\060\004\075\004\070\004\065}{chapter.2}% 26
\BOOKMARK [2][-]{subsection.2.5.1}{\376\377\004\044\004\103\004\100\004\114\004\065\000-\004\036\004\061\004\100\004\060\004\067}{section.2.5}% 27
\BOOKMARK [2][-]{subsection.2.5.2}{\376\377\004\023\004\100\004\060\004\104\004\070\004\072\004\070\000\040\004\104\004\103\004\075\004\072\004\106\004\070\004\070\000\040\004\070\000\040\004\044\004\103\004\100\004\114\004\065\000-\004\076\004\061\004\100\004\060\004\067\004\060}{section.2.5}% 28
\BOOKMARK [2][-]{subsection.2.5.3}{\376\377\004\040\004\060\004\062\004\065\004\075\004\101\004\102\004\062\004\076\000\040\004\037\004\060\004\100\004\101\004\065\004\062\004\060\004\073\004\117}{section.2.5}% 29
\BOOKMARK [2][-]{subsection.2.5.4}{\376\377\004\020\004\075\004\060\004\073\004\070\004\067\000\040\004\101\004\070\004\102\004\103\004\060\004\106\004\070\004\070}{section.2.5}% 30
\BOOKMARK [0][-]{chapter.3}{\376\377\004\027\004\060\004\064\004\060\004\075\004\070\004\065\000\040\0002\000.\000\040\004\032\004\076\004\074\004\077\004\073\004\065\004\072\004\101\004\075\004\076\004\065}{}% 31
\BOOKMARK [1][-]{section.3.1}{\376\377\004\044\004\103\004\100\004\114\004\065\000-\004\076\004\061\004\100\004\060\004\067}{chapter.3}% 32
\BOOKMARK [1][-]{section.3.2}{\376\377\004\023\004\100\004\060\004\104\004\070\004\072\004\070\000\040\004\104\004\103\004\075\004\072\004\106\004\070\004\070\000,\000\040\004\072\004\076\004\074\004\077\004\076\004\075\004\065\004\075\004\102\000\040\000f\000\050\000t\000\051\000,\000\040\004\060\000\040\004\102\004\060\004\072\004\066\004\065\000\040\004\065\004\121\000\040\004\074\004\076\004\064\004\103\004\073\004\117}{chapter.3}% 33
\BOOKMARK [1][-]{section.3.3}{\376\377\004\020\004\075\004\060\004\073\004\070\004\067\000\040\004\101\004\102\004\065\004\077\004\065\004\075\004\070\000\040\004\101\004\064\004\062\004\070\004\063\004\060\000\040\004\075\004\060\000\040\004\104\004\103\004\075\004\072\004\106\004\070\004\116\000\040\004\070\000\040\004\044\004\103\004\100\004\114\004\065\000-\004\076\004\061\004\100\004\060\004\067}{chapter.3}% 34
\BOOKMARK [1][-]{section.3.4}{\376\377\004\040\004\060\004\062\004\065\004\075\004\101\004\102\004\062\004\076\000\040\004\037\004\060\004\100\004\101\004\065\004\062\004\060\004\073\004\117}{chapter.3}% 35
\BOOKMARK [0][-]{chapter.4}{\376\377\004\027\004\060\004\064\004\060\004\075\004\070\004\065\000\040\0003\000.\000\040\004\034\004\103\004\067\004\113\004\072\004\060\004\073\004\114\004\075\004\076\004\065}{}% 36
\BOOKMARK [1][-]{section.4.1}{\376\377\004\037\004\076\004\101\004\102\004\100\004\076\004\070\004\102\004\114\000\040\004\063\004\100\004\060\004\104\004\070\004\072\000\040\004\075\004\076\004\102\004\113}{chapter.4}% 37
\BOOKMARK [1][-]{section.4.2}{\376\377\004\035\004\060\004\071\004\102\004\070\000\040\004\107\004\070\004\101\004\073\004\065\004\075\004\075\004\076\000\040\004\044\004\103\004\100\004\114\004\065\000-\004\076\004\061\004\100\004\060\004\067}{chapter.4}% 38
\BOOKMARK [1][-]{section.4.3}{\376\377\004\020\004\075\004\060\004\073\004\070\004\067\000\040\004\044\004\103\004\100\004\114\004\065\000-\004\076\004\061\004\100\004\060\004\067\004\060}{chapter.4}% 39
